<?xml version="1.0" encoding="UTF-8"?>
<!-- Generated by org.testng.reporters.JUnitXMLReporter -->
<testsuite ignored="0" hostname="NAYANJYOTIs-MacBook-Pro.local" failures="0" tests="2" name="Default test" time="17.29" errors="0" timestamp="2021-09-28T18:30:39 IST">
  <testcase classname="CapgeminiSelenium.maintest.AppLoginPageTest" name="validateTitleTest" time="0.01"/>
  <testcase classname="CapgeminiSelenium.maintest.AppLoginPageTest" name="validateLoginTest" time="4.685"/>
</testsuite> <!-- Default test -->
