<?xml version="1.0" encoding="UTF-8"?>
<!-- Generated by org.testng.reporters.JUnitXMLReporter -->
<testsuite ignored="0" hostname="NAYANJYOTIs-MacBook-Pro.local" failures="0" tests="4" name="Default test" time="42.359" errors="0" timestamp="2021-09-29T18:02:03 IST">
  <testcase classname="CapgeminiSelenium.maintest.AppLoginPageTest" name="validateMultipleLogin" time="5.173"/>
  <testcase classname="CapgeminiSelenium.maintest.AppLoginPageTest" name="validateMultipleLogin" time="1.229"/>
  <testcase classname="CapgeminiSelenium.maintest.AppLoginPageTest" name="validateTitleTest" time="0.015"/>
  <testcase classname="CapgeminiSelenium.maintest.AppLoginPageTest" name="validateLoginTest" time="4.476"/>
</testsuite> <!-- Default test -->
