<?xml version="1.0" encoding="UTF-8"?>
<testng-results ignored="0" total="2" passed="2" failed="0" skipped="0">
  <reporter-output>
  </reporter-output>
  <suite started-at="2021-09-28T18:30:21 IST" name="Default suite" finished-at="2021-09-28T18:30:39 IST" duration-ms="17290">
    <groups>
    </groups>
    <test started-at="2021-09-28T18:30:21 IST" name="Default test" finished-at="2021-09-28T18:30:39 IST" duration-ms="17290">
      <class name="CapgeminiSelenium.maintest.AppLoginPageTest">
        <test-method is-config="true" signature="browserSetup()[pri:0, instance:CapgeminiSelenium.maintest.AppLoginPageTest@57af006c]" started-at="2021-09-28T18:30:21 IST" name="browserSetup" finished-at="2021-09-28T18:30:29 IST" duration-ms="7289" status="PASS">
          <reporter-output>
          </reporter-output>
        </test-method> <!-- browserSetup -->
        <test-method signature="validateTitleTest()[pri:1, instance:CapgeminiSelenium.maintest.AppLoginPageTest@57af006c]" started-at="2021-09-28T18:30:29 IST" name="validateTitleTest" finished-at="2021-09-28T18:30:29 IST" duration-ms="10" status="PASS">
          <reporter-output>
          </reporter-output>
        </test-method> <!-- validateTitleTest -->
        <test-method is-config="true" signature="closeBrowserSetup()[pri:0, instance:CapgeminiSelenium.maintest.AppLoginPageTest@57af006c]" started-at="2021-09-28T18:30:29 IST" name="closeBrowserSetup" finished-at="2021-09-28T18:30:29 IST" duration-ms="1" status="PASS">
          <reporter-output>
          </reporter-output>
        </test-method> <!-- closeBrowserSetup -->
        <test-method is-config="true" signature="browserSetup()[pri:0, instance:CapgeminiSelenium.maintest.AppLoginPageTest@57af006c]" started-at="2021-09-28T18:30:29 IST" name="browserSetup" finished-at="2021-09-28T18:30:34 IST" duration-ms="5273" status="PASS">
          <reporter-output>
          </reporter-output>
        </test-method> <!-- browserSetup -->
        <test-method signature="validateLoginTest()[pri:2, instance:CapgeminiSelenium.maintest.AppLoginPageTest@57af006c]" started-at="2021-09-28T18:30:34 IST" name="validateLoginTest" finished-at="2021-09-28T18:30:39 IST" duration-ms="4685" status="PASS">
          <reporter-output>
          </reporter-output>
        </test-method> <!-- validateLoginTest -->
        <test-method is-config="true" signature="closeBrowserSetup()[pri:0, instance:CapgeminiSelenium.maintest.AppLoginPageTest@57af006c]" started-at="2021-09-28T18:30:39 IST" name="closeBrowserSetup" finished-at="2021-09-28T18:30:39 IST" duration-ms="0" status="PASS">
          <reporter-output>
          </reporter-output>
        </test-method> <!-- closeBrowserSetup -->
      </class> <!-- CapgeminiSelenium.maintest.AppLoginPageTest -->
    </test> <!-- Default test -->
  </suite> <!-- Default suite -->
</testng-results>
